1610464666375	geckodriver	INFO	Listening on 127.0.0.1:56457
1610464667020	mozrunner::runner	INFO	Running command: "/Applications/Firefox.app/Contents/MacOS/firefox-bin" "--marionette" "-foreground" "-no-remote" "-profile" "/var/folders/rr/hxclw1vx3xncwrxj8d56gb700000gn/T/rust_mozprofilezk4jkO"
1610464667838	geckodriver	INFO	Listening on 127.0.0.1:56474
1610464668861	mozrunner::runner	INFO	Running command: "/Applications/Firefox.app/Contents/MacOS/firefox-bin" "--marionette" "-foreground" "-no-remote" "-profile" "/var/folders/rr/hxclw1vx3xncwrxj8d56gb700000gn/T/rust_mozprofilewBprsI"
console.warn: SearchSettings: "get: No settings file exists, new profile?" (new Error("", "(unknown module)"))
console.warn: SearchSettings: "get: No settings file exists, new profile?" (new Error("", "(unknown module)"))
1610464679508	Marionette	INFO	Listening on port 56481
1610464679510	Marionette	INFO	Listening on port 56466
1610464679571	Marionette	WARN	TLS certificate errors will be ignored for this session
1610464685951	Marionette	INFO	Stopped listening on port 56481

###!!! [Parent][RunMessage] Error: Channel closing: too late to send/recv, messages will be lost

1610464686636	geckodriver	INFO	Listening on 127.0.0.1:56668
1610464687654	mozrunner::runner	INFO	Running command: "/Applications/Firefox.app/Contents/MacOS/firefox-bin" "--marionette" "-foreground" "-no-remote" "-profile" "/var/folders/rr/hxclw1vx3xncwrxj8d56gb700000gn/T/rust_mozprofileV4gNHv"
console.warn: SearchSettings: "get: No settings file exists, new profile?" (new Error("", "(unknown module)"))
1610464691118	Marionette	INFO	Listening on port 56675
1610464691217	Marionette	WARN	TLS certificate errors will be ignored for this session
1610464693357	Marionette	INFO	Stopped listening on port 56675

###!!! [Parent][MessageChannel] Error: (msgtype=0x1F0011,name=PBackgroundStorage::Msg_Observe) Channel error: cannot send/recv


###!!! [Parent][MessageChannel] Error: (msgtype=0x1F0011,name=PBackgroundStorage::Msg_Observe) Channel error: cannot send/recv

1610464693941	geckodriver	INFO	Listening on 127.0.0.1:56758
1610464694959	mozrunner::runner	INFO	Running command: "/Applications/Firefox.app/Contents/MacOS/firefox-bin" "--marionette" "-foreground" "-no-remote" "-profile" "/var/folders/rr/hxclw1vx3xncwrxj8d56gb700000gn/T/rust_mozprofilevmfbKt"
console.warn: SearchSettings: "get: No settings file exists, new profile?" (new Error("", "(unknown module)"))
1610464698176	Marionette	INFO	Listening on port 56765
1610464698197	Marionette	WARN	TLS certificate errors will be ignored for this session
1610464699190	Marionette	INFO	Stopped listening on port 56765

###!!! [Parent][RunMessage] Error: Channel closing: too late to send/recv, messages will be lost

1610464788861	geckodriver	INFO	Listening on 127.0.0.1:56860
1610464788898	mozrunner::runner	INFO	Running command: "/Applications/Firefox.app/Contents/MacOS/firefox-bin" "--marionette" "-foreground" "-no-remote" "-profile" "/var/folders/rr/hxclw1vx3xncwrxj8d56gb700000gn/T/rust_mozprofileOpUoKf"
console.warn: SearchSettings: "get: No settings file exists, new profile?" (new Error("", "(unknown module)"))
1610464792593	Marionette	INFO	Listening on port 56865
1610464792674	Marionette	WARN	TLS certificate errors will be ignored for this session
1610464798728	Marionette	INFO	Stopped listening on port 56865

###!!! [Parent][RunMessage] Error: Channel closing: too late to send/recv, messages will be lost

1610464799411	geckodriver	INFO	Listening on 127.0.0.1:56954
1610464800434	mozrunner::runner	INFO	Running command: "/Applications/Firefox.app/Contents/MacOS/firefox-bin" "--marionette" "-foreground" "-no-remote" "-profile" "/var/folders/rr/hxclw1vx3xncwrxj8d56gb700000gn/T/rust_mozprofilebjCHjL"
console.warn: SearchSettings: "get: No settings file exists, new profile?" (new Error("", "(unknown module)"))
1610464803841	Marionette	INFO	Listening on port 56961
1610464803901	Marionette	WARN	TLS certificate errors will be ignored for this session
1610464809877	Marionette	INFO	Stopped listening on port 56961

###!!! [Parent][RunMessage] Error: Channel closing: too late to send/recv, messages will be lost

1610464810479	geckodriver	INFO	Listening on 127.0.0.1:57041
1610464811503	mozrunner::runner	INFO	Running command: "/Applications/Firefox.app/Contents/MacOS/firefox-bin" "--marionette" "-foreground" "-no-remote" "-profile" "/var/folders/rr/hxclw1vx3xncwrxj8d56gb700000gn/T/rust_mozprofileJUL8rC"
console.warn: SearchSettings: "get: No settings file exists, new profile?" (new Error("", "(unknown module)"))
1610464814838	Marionette	INFO	Listening on port 57048
1610464814950	Marionette	WARN	TLS certificate errors will be ignored for this session
1610464816070	Marionette	INFO	Stopped listening on port 57048

###!!! [Parent][RunMessage] Error: Channel closing: too late to send/recv, messages will be lost

1610464816795	geckodriver	INFO	Listening on 127.0.0.1:57132
1610464817815	mozrunner::runner	INFO	Running command: "/Applications/Firefox.app/Contents/MacOS/firefox-bin" "--marionette" "-foreground" "-no-remote" "-profile" "/var/folders/rr/hxclw1vx3xncwrxj8d56gb700000gn/T/rust_mozprofileNTNPYR"
console.warn: SearchSettings: "get: No settings file exists, new profile?" (new Error("", "(unknown module)"))
1610464821507	Marionette	INFO	Listening on port 57139
1610464821598	Marionette	WARN	TLS certificate errors will be ignored for this session
1610464823635	Marionette	INFO	Stopped listening on port 57139

###!!! [Parent][RunMessage] Error: Channel closing: too late to send/recv, messages will be lost

1610547655238	Marionette	INFO	Stopped listening on port 56466

###!!! [Parent][RunMessage] Error: Channel closing: too late to send/recv, messages will be lost

1611162060679	geckodriver	INFO	Listening on 127.0.0.1:51804
1611162061655	mozrunner::runner	INFO	Running command: "/Applications/Firefox.app/Contents/MacOS/firefox-bin" "--marionette" "-foreground" "-no-remote" "-profile" "/var/folders/rr/hxclw1vx3xncwrxj8d56gb700000gn/T/rust_mozprofileKP2Hv9"
console.warn: SearchSettings: "get: No settings file exists, new profile?" (new Error("", "(unknown module)"))
1611162065284	Marionette	INFO	Listening on port 51816
1611162065324	Marionette	WARN	TLS certificate errors will be ignored for this session
1611162071263	Marionette	INFO	Stopped listening on port 51816

###!!! [Parent][RunMessage] Error: Channel closing: too late to send/recv, messages will be lost

1611162071754	geckodriver	INFO	Listening on 127.0.0.1:51902
1611162072774	mozrunner::runner	INFO	Running command: "/Applications/Firefox.app/Contents/MacOS/firefox-bin" "--marionette" "-foreground" "-no-remote" "-profile" "/var/folders/rr/hxclw1vx3xncwrxj8d56gb700000gn/T/rust_mozprofileLPzq5u"
console.warn: SearchSettings: "get: No settings file exists, new profile?" (new Error("", "(unknown module)"))
1611162075474	Marionette	INFO	Listening on port 51913
1611162075583	Marionette	WARN	TLS certificate errors will be ignored for this session
1611162081509	Marionette	INFO	Stopped listening on port 51913

###!!! [Parent][RunMessage] Error: Channel closing: too late to send/recv, messages will be lost

1611162082035	geckodriver	INFO	Listening on 127.0.0.1:51993
1611162083050	mozrunner::runner	INFO	Running command: "/Applications/Firefox.app/Contents/MacOS/firefox-bin" "--marionette" "-foreground" "-no-remote" "-profile" "/var/folders/rr/hxclw1vx3xncwrxj8d56gb700000gn/T/rust_mozprofileqz59oG"
console.warn: SearchSettings: "get: No settings file exists, new profile?" (new Error("", "(unknown module)"))
1611162085976	Marionette	INFO	Listening on port 52004
1611162086070	Marionette	WARN	TLS certificate errors will be ignored for this session
1611162087118	Marionette	INFO	Stopped listening on port 52004

###!!! [Parent][RunMessage] Error: Channel closing: too late to send/recv, messages will be lost

1611162087757	geckodriver	INFO	Listening on 127.0.0.1:52085
1611162088774	mozrunner::runner	INFO	Running command: "/Applications/Firefox.app/Contents/MacOS/firefox-bin" "--marionette" "-foreground" "-no-remote" "-profile" "/var/folders/rr/hxclw1vx3xncwrxj8d56gb700000gn/T/rust_mozprofile1v8bYG"
console.warn: SearchSettings: "get: No settings file exists, new profile?" (new Error("", "(unknown module)"))
1611162091943	Marionette	INFO	Listening on port 52096
1611162092060	Marionette	WARN	TLS certificate errors will be ignored for this session
1611162094139	Marionette	INFO	Stopped listening on port 52096

###!!! [Parent][RunMessage] Error: Channel closing: too late to send/recv, messages will be lost

1611164926781	geckodriver	INFO	Listening on 127.0.0.1:52865
1611164927805	mozrunner::runner	INFO	Running command: "/Applications/Firefox.app/Contents/MacOS/firefox-bin" "--marionette" "-foreground" "-no-remote" "-profile" "/var/folders/rr/hxclw1vx3xncwrxj8d56gb700000gn/T/rust_mozprofileKnmS3V"
console.warn: SearchSettings: "get: No settings file exists, new profile?" (new Error("", "(unknown module)"))
1611164930839	Marionette	INFO	Listening on port 52876
1611164930924	Marionette	WARN	TLS certificate errors will be ignored for this session
1611164931855	Marionette	INFO	Stopped listening on port 52876

###!!! [Parent][RunMessage] Error: Channel closing: too late to send/recv, messages will be lost

1611164932409	geckodriver	INFO	Listening on 127.0.0.1:52959
1611164933426	mozrunner::runner	INFO	Running command: "/Applications/Firefox.app/Contents/MacOS/firefox-bin" "--marionette" "-foreground" "-no-remote" "-profile" "/var/folders/rr/hxclw1vx3xncwrxj8d56gb700000gn/T/rust_mozprofileURGKLh"
console.warn: SearchSettings: "get: No settings file exists, new profile?" (new Error("", "(unknown module)"))
1611164936042	Marionette	INFO	Listening on port 52970
1611164936099	Marionette	WARN	TLS certificate errors will be ignored for this session
1611164937988	Marionette	INFO	Stopped listening on port 52970

###!!! [Parent][RunMessage] Error: Channel closing: too late to send/recv, messages will be lost

1611164938534	geckodriver	INFO	Listening on 127.0.0.1:53046
1611164939548	mozrunner::runner	INFO	Running command: "/Applications/Firefox.app/Contents/MacOS/firefox-bin" "--marionette" "-foreground" "-no-remote" "-profile" "/var/folders/rr/hxclw1vx3xncwrxj8d56gb700000gn/T/rust_mozprofilevd6C1u"
console.warn: SearchSettings: "get: No settings file exists, new profile?" (new Error("", "(unknown module)"))
1611164942293	Marionette	INFO	Listening on port 53057
1611164942341	Marionette	WARN	TLS certificate errors will be ignored for this session
1611164948345	Marionette	INFO	Stopped listening on port 53057

###!!! [Parent][RunMessage] Error: Channel closing: too late to send/recv, messages will be lost

1611164948897	geckodriver	INFO	Listening on 127.0.0.1:53129
1611164949916	mozrunner::runner	INFO	Running command: "/Applications/Firefox.app/Contents/MacOS/firefox-bin" "--marionette" "-foreground" "-no-remote" "-profile" "/var/folders/rr/hxclw1vx3xncwrxj8d56gb700000gn/T/rust_mozprofile8luasg"
console.warn: SearchSettings: "get: No settings file exists, new profile?" (new Error("", "(unknown module)"))
1611164952346	Marionette	INFO	Listening on port 53140
1611164952399	Marionette	WARN	TLS certificate errors will be ignored for this session
1611164958573	Marionette	INFO	Stopped listening on port 53140

###!!! [Parent][RunMessage] Error: Channel closing: too late to send/recv, messages will be lost

